{"total": {"lines":{"total":65,"covered":62,"skipped":0,"pct":95.38},"statements":{"total":65,"covered":62,"skipped":0,"pct":95.38},"functions":{"total":3,"covered":3,"skipped":0,"pct":100},"branches":{"total":8,"covered":6,"skipped":0,"pct":75},"branchesTrue":{"total":0,"covered":0,"skipped":0,"pct":"Unknown"}}
,"D:\\battlefield\\depspy\\packages\\cli\\src\\conformConfig.ts": {"lines":{"total":52,"covered":49,"skipped":0,"pct":94.23},"functions":{"total":3,"covered":3,"skipped":0,"pct":100},"statements":{"total":52,"covered":49,"skipped":0,"pct":94.23},"branches":{"total":7,"covered":6,"skipped":0,"pct":85.71}}
,"D:\\battlefield\\depspy\\packages\\cli\\src\\constants.ts": {"lines":{"total":13,"covered":13,"skipped":0,"pct":100},"functions":{"total":0,"covered":0,"skipped":0,"pct":100},"statements":{"total":13,"covered":13,"skipped":0,"pct":100},"branches":{"total":1,"covered":0,"skipped":0,"pct":0}}
}
